<?xml version="1.0" encoding="UTF-8"?>
<!-- Generated by org.testng.reporters.JUnitReportReporter -->
<testsuite hostname="dheeraj-HP" name="mavenDemoTesting.mathsTest" tests="4" failures="0" timestamp="22 Apr 2019 05:22:21 GMT" time="0.100" errors="0">
  <testcase name="sub" time="0.022" classname="mavenDemoTesting.mathsTest"/>
  <testcase name="add" time="0.065" classname="mavenDemoTesting.mathsTest"/>
  <testcase name="div" time="0.005" classname="mavenDemoTesting.mathsTest"/>
  <testcase name="mul" time="0.008" classname="mavenDemoTesting.mathsTest"/>
</testsuite> <!-- mavenDemoTesting.mathsTest -->
